<?xml version="1.0" encoding="UTF-8"?>
<testng-results skipped="0" failed="0" ignored="0" total="1" passed="1">
  <reporter-output>
  </reporter-output>
  <suite name="Default suite" duration-ms="35058" started-at="2020-04-07T02:54:27 IST" finished-at="2020-04-07T02:55:02 IST">
    <groups>
    </groups>
    <test name="Default test" duration-ms="35058" started-at="2020-04-07T02:54:27 IST" finished-at="2020-04-07T02:55:02 IST">
      <class name="orangee.Loginpagee">
        <test-method status="PASS" signature="login()[pri:0, instance:orangee.Loginpagee@13a5fe33]" name="login" duration-ms="34990" started-at="2020-04-07T02:54:27 IST" finished-at="2020-04-07T02:55:02 IST">
          <reporter-output>
          </reporter-output>
        </test-method> <!-- login -->
      </class> <!-- orangee.Loginpagee -->
    </test> <!-- Default test -->
  </suite> <!-- Default suite -->
</testng-results>
