<?xml version="1.0" encoding="UTF-8"?>
<!-- Generated by org.testng.reporters.JUnitXMLReporter -->
<testsuite hostname="LAPTOP-NVJP9VFI" ignored="0" name="Login Testcases" tests="4" failures="0" timestamp="2020-04-02T05:32:29 IST" time="220.401" errors="0">
  <testcase name="main" time="31.802" classname="orangee.Reducetimesuite"/>
  <testcase name="main" time="37.713" classname="orangee.Reducetimesuite"/>
  <testcase name="main" time="44.467" classname="orangee.Reducetimesuite"/>
  <testcase name="main" time="102.938" classname="orangee.Reducetimesuite"/>
</testsuite> <!-- Login Testcases -->
