<?xml version="1.0" encoding="UTF-8"?>
<!-- Generated by org.testng.reporters.JUnitXMLReporter -->
<testsuite hostname="LAPTOP-NVJP9VFI" ignored="0" name="Test Case" tests="4" failures="0" timestamp="2020-04-01T00:05:27 IST" time="59.684" errors="0">
  <testcase name="case1" time="15.126" classname="orangee.Invalidusername"/>
  <testcase name="case2" time="14.12" classname="orangee.Invalidpassword"/>
  <testcase name="case3" time="15.487" classname="orangee.BothInvalid"/>
  <testcase name="case4" time="14.878" classname="orangee.BothValid"/>
</testsuite> <!-- Test Case -->
